<?xml version="1.0" encoding="UTF-8"?>
<!-- Generated by org.testng.reporters.JUnitReportReporter -->
<testsuite hostname="DeepakV_DSG" failures="0" tests="1" name="TestScenarios.TC_007_CaseAccountBalanceComputation" time="120.261" errors="0" timestamp="2022-11-14T11:45:03 IST" skipped="0">
  <testcase classname="TestScenarios.TC_007_CaseAccountBalanceComputation" name="CreateNewLead" time="120.261"/>
  <system-out>
    <![CDATA[Enter UserName
Enter Password
Enter UserName
Enter Password]]>
  </system-out>
</testsuite> <!-- TestScenarios.TC_007_CaseAccountBalanceComputation -->
