<?xml version="1.0" encoding="UTF-8"?>
<!-- Generated by org.testng.reporters.JUnitReportReporter -->
<testsuite hostname="RizwanA_SAG" failures="0" tests="5" name="TestScenarios.TC_005_LeadDocsCollectedSelfEmployed" time="93.018" errors="0" timestamp="2022-09-16T11:38:50 IST" skipped="0">
  <testcase classname="TestScenarios.TC_005_LeadDocsCollectedSelfEmployed" name="CreateNewLeadCollSelfEmp2" time="9.151"/>
  <system-out/>
  <testcase classname="TestScenarios.TC_005_LeadDocsCollectedSelfEmployed" name="CreateNewLeadCollSelfEmp4" time="12.838"/>
  <system-out/>
  <testcase classname="TestScenarios.TC_005_LeadDocsCollectedSelfEmployed" name="CreateNewLeadCollSelfEmp1" time="41.723"/>
  <system-out/>
  <testcase classname="TestScenarios.TC_005_LeadDocsCollectedSelfEmployed" name="CreateNewLeadCollSelfEmp3" time="15.929"/>
  <system-out/>
  <testcase classname="TestScenarios.TC_005_LeadDocsCollectedSelfEmployed" name="CreateNewLeadCollSelfEmp" time="13.377"/>
  <system-out>
    <![CDATA[Enter UserName
Enter Password]]>
  </system-out>
</testsuite> <!-- TestScenarios.TC_005_LeadDocsCollectedSelfEmployed -->
