<?xml version="1.0" encoding="UTF-8"?>
<!-- Generated by org.testng.reporters.JUnitReportReporter -->
<testsuite hostname="RizwanA_SAG" failures="0" tests="9" name="TestScenarios.TC_003_NTBDocsCollectionEmployed" time="209.233" errors="0" timestamp="2022-09-19T16:40:19 IST" skipped="0">
  <testcase classname="TestScenarios.TC_003_NTBDocsCollectionEmployed" name="CreateNewLeadCollEmp4" time="13.069"/>
  <system-out/>
  <testcase classname="TestScenarios.TC_003_NTBDocsCollectionEmployed" name="CreateNewLeadCollEmp8" time="80.898"/>
  <system-out/>
  <testcase classname="TestScenarios.TC_003_NTBDocsCollectionEmployed" name="CreateNewLeadCollEmp7" time="9.094"/>
  <system-out/>
  <testcase classname="TestScenarios.TC_003_NTBDocsCollectionEmployed" name="CreateNewLeadCollEmp3" time="16.273"/>
  <system-out/>
  <testcase classname="TestScenarios.TC_003_NTBDocsCollectionEmployed" name="CreateNewLeadCollEmp6" time="5.018"/>
  <system-out/>
  <testcase classname="TestScenarios.TC_003_NTBDocsCollectionEmployed" name="CreateNewLeadCollEmp2" time="7.312"/>
  <system-out/>
  <testcase classname="TestScenarios.TC_003_NTBDocsCollectionEmployed" name="CreateNewLeadCollEmp5" time="24.577"/>
  <system-out/>
  <testcase classname="TestScenarios.TC_003_NTBDocsCollectionEmployed" name="CreateNewLeadCollEmp1" time="39.047"/>
  <system-out/>
  <testcase classname="TestScenarios.TC_003_NTBDocsCollectionEmployed" name="CreateNewLeadCollEmp" time="13.945"/>
  <system-out>
    <![CDATA[Enter UserName
Enter Password]]>
  </system-out>
</testsuite> <!-- TestScenarios.TC_003_NTBDocsCollectionEmployed -->
