<?xml version="1.0" encoding="UTF-8"?>
<!-- Generated by org.testng.reporters.JUnitReportReporter -->
<testsuite hostname="RizwanA_SAG" failures="0" tests="1" name="TestScenarios.TC_007_CaseAccountBalanceComputation" time="59.436" errors="0" timestamp="2022-11-07T15:51:47 IST" skipped="0">
  <testcase classname="TestScenarios.TC_007_CaseAccountBalanceComputation" name="CreateNewLead" time="59.436"/>
  <system-out>
    <![CDATA[Enter UserName
Enter Password]]>
  </system-out>
</testsuite> <!-- TestScenarios.TC_007_CaseAccountBalanceComputation -->
