<?xml version="1.0" encoding="UTF-8"?>
<!-- Generated by org.testng.reporters.JUnitReportReporter -->
<testsuite hostname="RizwanA_SAG" failures="0" tests="1" name="TestScenarios.TC_007_CaseAccountBalanceComputation" time="108.640" errors="0" timestamp="2022-11-28T18:43:14 IST" skipped="0">
  <testcase classname="TestScenarios.TC_007_CaseAccountBalanceComputation" name="CreateNewLead" time="108.640"/>
  <system-out>
    <![CDATA[Enter UserName
Enter Password
Enter UserName
Enter Password]]>
  </system-out>
</testsuite> <!-- TestScenarios.TC_007_CaseAccountBalanceComputation -->
